Determining if the pthread_create exist failed with the following output:
Change Dir: /home/sfy/robotdevelop/project/others/catkin_ws/build/CMakeFiles/CMakeTmp

Run Build Command:"/usr/bin/make" "cmTC_e1dfb/fast"
/usr/bin/make -f CMakeFiles/cmTC_e1dfb.dir/build.make CMakeFiles/cmTC_e1dfb.dir/build
make[1]: Entering directory '/home/sfy/robotdevelop/project/others/catkin_ws/build/CMakeFiles/CMakeTmp'
Building C object CMakeFiles/cmTC_e1dfb.dir/CheckSymbolExists.c.o
/usr/bin/cc     -o CMakeFiles/cmTC_e1dfb.dir/CheckSymbolExists.c.o   -c /home/sfy/robotdevelop/project/others/catkin_ws/build/CMakeFiles/CMakeTmp/CheckSymbolExists.c
Linking C executable cmTC_e1dfb
/usr/bin/cmake -E cmake_link_script CMakeFiles/cmTC_e1dfb.dir/link.txt --verbose=1
/usr/bin/cc       CMakeFiles/cmTC_e1dfb.dir/CheckSymbolExists.c.o  -o cmTC_e1dfb -rdynamic 
CMakeFiles/cmTC_e1dfb.dir/CheckSymbolExists.c.o: In function `main':
CheckSymbolExists.c:(.text+0x16): undefined reference to `pthread_create'
collect2: error: ld returned 1 exit status
CMakeFiles/cmTC_e1dfb.dir/build.make:97: recipe for target 'cmTC_e1dfb' failed
make[1]: *** [cmTC_e1dfb] Error 1
make[1]: Leaving directory '/home/sfy/robotdevelop/project/others/catkin_ws/build/CMakeFiles/CMakeTmp'
Makefile:126: recipe for target 'cmTC_e1dfb/fast' failed
make: *** [cmTC_e1dfb/fast] Error 2

File /home/sfy/robotdevelop/project/others/catkin_ws/build/CMakeFiles/CMakeTmp/CheckSymbolExists.c:
/* */
#include <pthread.h>

int main(int argc, char** argv)
{
  (void)argv;
#ifndef pthread_create
  return ((int*)(&pthread_create))[argc];
#else
  (void)argc;
  return 0;
#endif
}

Determining if the function pthread_create exists in the pthreads failed with the following output:
Change Dir: /home/sfy/robotdevelop/project/others/catkin_ws/build/CMakeFiles/CMakeTmp

Run Build Command:"/usr/bin/make" "cmTC_b7d1f/fast"
/usr/bin/make -f CMakeFiles/cmTC_b7d1f.dir/build.make CMakeFiles/cmTC_b7d1f.dir/build
make[1]: Entering directory '/home/sfy/robotdevelop/project/others/catkin_ws/build/CMakeFiles/CMakeTmp'
Building C object CMakeFiles/cmTC_b7d1f.dir/CheckFunctionExists.c.o
/usr/bin/cc    -DCHECK_FUNCTION_EXISTS=pthread_create   -o CMakeFiles/cmTC_b7d1f.dir/CheckFunctionExists.c.o   -c /usr/share/cmake-3.5/Modules/CheckFunctionExists.c
Linking C executable cmTC_b7d1f
/usr/bin/cmake -E cmake_link_script CMakeFiles/cmTC_b7d1f.dir/link.txt --verbose=1
/usr/bin/cc   -DCHECK_FUNCTION_EXISTS=pthread_create    CMakeFiles/cmTC_b7d1f.dir/CheckFunctionExists.c.o  -o cmTC_b7d1f -rdynamic -lpthreads 
/usr/bin/ld: cannot find -lpthreads
collect2: error: ld returned 1 exit status
CMakeFiles/cmTC_b7d1f.dir/build.make:97: recipe for target 'cmTC_b7d1f' failed
make[1]: *** [cmTC_b7d1f] Error 1
make[1]: Leaving directory '/home/sfy/robotdevelop/project/others/catkin_ws/build/CMakeFiles/CMakeTmp'
Makefile:126: recipe for target 'cmTC_b7d1f/fast' failed
make: *** [cmTC_b7d1f/fast] Error 2


